<?xml version="1.0" encoding="UTF-8"?>
<testsuite name="models.SquadTest" tests="1" skipped="0" failures="0" errors="0" timestamp="2020-01-09T13:08:43" hostname="moringaschool-ThinkPad-X1-Carbon-3rd" time="0.002">
  <properties/>
  <testcase name="newSquad_getSquadMembers_Array" classname="models.SquadTest" time="0.002"/>
  <system-out><![CDATA[]]></system-out>
  <system-err><![CDATA[]]></system-err>
</testsuite>
